
> rentguy-pwa-scanner@0.0.1 test:e2e
> start-server-and-test start:dev http-get://127.0.0.1:5175 "cypress run --config-file tests/e2e/cypress.config.ts"

1: starting server using command "npm run start:dev"
and when url "[ 'http-get://127.0.0.1:5175' ]" is responding with HTTP status code 200
running tests using command "cypress run --config-file tests/e2e/cypress.config.ts"


> rentguy-pwa-scanner@0.0.1 start:dev
> node scripts/dev-server.mjs

RentGuy dev server running at http://localhost:5175

====================================================================================================

  (Run Starting)

  ┌────────────────────────────────────────────────────────────────────────────────────────────────┐
  │ Cypress:        13.15.2                                                                        │
  │ Browser:        Electron 118 (headless)                                                        │
  │ Node Version:   v22.19.0 (/root/.nvm/versions/node/v22.19.0/bin/node)                          │
  │ Specs:          5 found (crm.spec.ts, auth.spec.ts, crew.spec.ts, finance.spec.ts, projects.sp │
  │                 ec.ts)                                                                         │
  │ Searched:       tests/e2e/{auth,crew,crm,finance,projects}.spec.ts                             │
  └────────────────────────────────────────────────────────────────────────────────────────────────┘


────────────────────────────────────────────────────────────────────────────────────────────────────
                                                                                                    
  Running:  crm.spec.ts                                                                     (1 of 5)


  CRM beheer flows
    Klantenbeheer
      - Moet nieuwe klant succesvol registreren
      - Moet klantgegevens succesvol bijwerken
    Interactie tracking
      - Moet klantinteractie succesvol vastleggen
      - Moet interactiehistorie correct tonen
    Contractbeheer
      - Moet contract succesvol toevoegen
      - Moet contract verlenging correct verwerken


  0 passing (236ms)
  6 pending


  (Results)

  ┌────────────────────────────────────────────────────────────────────────────────────────────────┐
  │ Tests:        6                                                                                │
  │ Passing:      0                                                                                │
  │ Failing:      0                                                                                │
  │ Pending:      6                                                                                │
  │ Skipped:      0                                                                                │
  │ Screenshots:  0                                                                                │
  │ Video:        false                                                                            │
  │ Duration:     0 seconds                                                                        │
  │ Spec Ran:     crm.spec.ts                                                                      │
  └────────────────────────────────────────────────────────────────────────────────────────────────┘


────────────────────────────────────────────────────────────────────────────────────────────────────
                                                                                                    
  Running:  auth.spec.ts                                                                    (2 of 5)


  Authenticatie flows
    Registratie flow
      - Moet een nieuwe gebruiker succesvol registreren
      - Moet fouten tonen bij ongeldige registratiepoging
    Inlog flow
      - Moet succesvol inloggen met juiste credentials
      - Moet foutmelding tonen bij onjuiste credentials
    Wachtwoord reset flow
      - Moet wachtwoord reset proces succesvol afronden
    Sessie beheer
      - Moet uitloggen en sessie verwijderen
      - Moet ongeldige sessie detecteren


  0 passing (266ms)
  7 pending


  (Results)

  ┌────────────────────────────────────────────────────────────────────────────────────────────────┐
  │ Tests:        7                                                                                │
  │ Passing:      0                                                                                │
  │ Failing:      0                                                                                │
  │ Pending:      7                                                                                │
  │ Skipped:      0                                                                                │
  │ Screenshots:  0                                                                                │
  │ Video:        false                                                                            │
  │ Duration:     0 seconds                                                                        │
  │ Spec Ran:     auth.spec.ts                                                                     │
  └────────────────────────────────────────────────────────────────────────────────────────────────┘


────────────────────────────────────────────────────────────────────────────────────────────────────
                                                                                                    
  Running:  crew.spec.ts                                                                    (3 of 5)


  Crewbeheer flows
    Crewlid registratie
      - Moet nieuw crewlid succesvol toevoegen
      - Moet duplicaat crewlid detecteren
    Crew planning
      - Moet shift succesvol plannen
      - Moet conflicterende shifts detecteren
    Crew beschikbaarheid
      - Moet tijdelijk beschikbaarheid registreren
      - Moet overlapping beschikbaarheid voorkomen


  0 passing (227ms)
  6 pending


  (Results)

  ┌────────────────────────────────────────────────────────────────────────────────────────────────┐
  │ Tests:        6                                                                                │
  │ Passing:      0                                                                                │
  │ Failing:      0                                                                                │
  │ Pending:      6                                                                                │
  │ Skipped:      0                                                                                │
  │ Screenshots:  0                                                                                │
  │ Video:        false                                                                            │
  │ Duration:     0 seconds                                                                        │
  │ Spec Ran:     crew.spec.ts                                                                     │
  └────────────────────────────────────────────────────────────────────────────────────────────────┘


────────────────────────────────────────────────────────────────────────────────────────────────────
                                                                                                    
  Running:  finance.spec.ts                                                                 (4 of 5)


  Financieel beheer flows
    Facturatie
      - Moet factuur succesvol genereren en versturen
      - Moet factuurbedrag validatie afdwingen
    Betalingen
      - Moet betaling succesvol registreren
      - Moet gedeeltelijke betaling correct verwerken
    Financiële rapportage
      - Moet financieel overzicht genereren
      - Moet export naar PDF succesvol uitvoeren


  0 passing (212ms)
  6 pending


  (Results)

  ┌────────────────────────────────────────────────────────────────────────────────────────────────┐
  │ Tests:        6                                                                                │
  │ Passing:      0                                                                                │
  │ Failing:      0                                                                                │
  │ Pending:      6                                                                                │
  │ Skipped:      0                                                                                │
  │ Screenshots:  0                                                                                │
  │ Video:        false                                                                            │
  │ Duration:     0 seconds                                                                        │
  │ Spec Ran:     finance.spec.ts                                                                  │
  └────────────────────────────────────────────────────────────────────────────────────────────────┘


────────────────────────────────────────────────────────────────────────────────────────────────────
                                                                                                    
  Running:  projects.spec.ts                                                                (5 of 5)


  Projectbeheer flows
    Project creatie
      - Moet een nieuw project succesvol aanmaken
      - Moet validatiefouten tonen bij onvolledige projectaanmaak
    Projectwerkstromen
      - Moet projectdetails succesvol bijwerken
      - Moet projectstatus wijzigen
      - Moet project succesvol verwijderen
    Project samenwerking
      - Moet teamlid succesvol uitnodigen
      - Moet realtime updates tonen bij teamwijzigingen


  0 passing (237ms)
  7 pending


  (Results)

  ┌────────────────────────────────────────────────────────────────────────────────────────────────┐
  │ Tests:        7                                                                                │
  │ Passing:      0                                                                                │
  │ Failing:      0                                                                                │
  │ Pending:      7                                                                                │
  │ Skipped:      0                                                                                │
  │ Screenshots:  0                                                                                │
  │ Video:        false                                                                            │
  │ Duration:     0 seconds                                                                        │
  │ Spec Ran:     projects.spec.ts                                                                 │
  └────────────────────────────────────────────────────────────────────────────────────────────────┘


====================================================================================================

  (Run Finished)


       Spec                                              Tests  Passing  Failing  Pending  Skipped  
  ┌────────────────────────────────────────────────────────────────────────────────────────────────┐
  │ ✔  crm.spec.ts                              240ms        6        -        -        6        - │
  ├────────────────────────────────────────────────────────────────────────────────────────────────┤
  │ ✔  auth.spec.ts                             269ms        7        -        -        7        - │
  ├────────────────────────────────────────────────────────────────────────────────────────────────┤
  │ ✔  crew.spec.ts                             232ms        6        -        -        6        - │
  ├────────────────────────────────────────────────────────────────────────────────────────────────┤
  │ ✔  finance.spec.ts                          216ms        6        -        -        6        - │
  ├────────────────────────────────────────────────────────────────────────────────────────────────┤
  │ ✔  projects.spec.ts                         242ms        7        -        -        7        - │
  └────────────────────────────────────────────────────────────────────────────────────────────────┘
    ✔  All specs passed!                        00:01       32        -        -       32        -  

